[0.018s] Invoking command in '/home/monster/arduino_python_publisher/build/arduinobot_python_firmware': CMAKE_PREFIX_PATH=${CMAKE_PREFIX_PATH}:/opt/ros/jazzy DEBUGINFOD_URLS=https://debuginfod.ubuntu.com /usr/bin/cmake --build /home/monster/arduino_python_publisher/build/arduinobot_python_firmware -- -j6 -l6
[0.064s] Invoked command in '/home/monster/arduino_python_publisher/build/arduinobot_python_firmware' returned '0': CMAKE_PREFIX_PATH=${CMAKE_PREFIX_PATH}:/opt/ros/jazzy DEBUGINFOD_URLS=https://debuginfod.ubuntu.com /usr/bin/cmake --build /home/monster/arduino_python_publisher/build/arduinobot_python_firmware -- -j6 -l6
[0.099s] Invoking command in '/home/monster/arduino_python_publisher/build/arduinobot_python_firmware': CMAKE_PREFIX_PATH=${CMAKE_PREFIX_PATH}:/opt/ros/jazzy DEBUGINFOD_URLS=https://debuginfod.ubuntu.com /usr/bin/cmake --install /home/monster/arduino_python_publisher/build/arduinobot_python_firmware
[0.109s] -- Install configuration: ""
[0.110s] -- Installing: /home/monster/arduino_python_publisher/install/arduinobot_python_firmware/lib/arduinobot_python_firmware/simple_serial_transmitter.py
[0.111s] -- Up-to-date: /home/monster/arduino_python_publisher/install/arduinobot_python_firmware/share/ament_index/resource_index/package_run_dependencies/arduinobot_python_firmware
[0.112s] -- Up-to-date: /home/monster/arduino_python_publisher/install/arduinobot_python_firmware/share/ament_index/resource_index/parent_prefix_path/arduinobot_python_firmware
[0.112s] -- Up-to-date: /home/monster/arduino_python_publisher/install/arduinobot_python_firmware/share/arduinobot_python_firmware/environment/ament_prefix_path.sh
[0.112s] -- Up-to-date: /home/monster/arduino_python_publisher/install/arduinobot_python_firmware/share/arduinobot_python_firmware/environment/ament_prefix_path.dsv
[0.112s] -- Up-to-date: /home/monster/arduino_python_publisher/install/arduinobot_python_firmware/share/arduinobot_python_firmware/environment/path.sh
[0.112s] -- Up-to-date: /home/monster/arduino_python_publisher/install/arduinobot_python_firmware/share/arduinobot_python_firmware/environment/path.dsv
[0.112s] -- Up-to-date: /home/monster/arduino_python_publisher/install/arduinobot_python_firmware/share/arduinobot_python_firmware/local_setup.bash
[0.113s] -- Up-to-date: /home/monster/arduino_python_publisher/install/arduinobot_python_firmware/share/arduinobot_python_firmware/local_setup.sh
[0.113s] -- Up-to-date: /home/monster/arduino_python_publisher/install/arduinobot_python_firmware/share/arduinobot_python_firmware/local_setup.zsh
[0.113s] -- Up-to-date: /home/monster/arduino_python_publisher/install/arduinobot_python_firmware/share/arduinobot_python_firmware/local_setup.dsv
[0.113s] -- Installing: /home/monster/arduino_python_publisher/install/arduinobot_python_firmware/share/arduinobot_python_firmware/package.dsv
[0.113s] -- Up-to-date: /home/monster/arduino_python_publisher/install/arduinobot_python_firmware/share/ament_index/resource_index/packages/arduinobot_python_firmware
[0.113s] -- Up-to-date: /home/monster/arduino_python_publisher/install/arduinobot_python_firmware/share/arduinobot_python_firmware/cmake/arduinobot_python_firmwareConfig.cmake
[0.113s] -- Up-to-date: /home/monster/arduino_python_publisher/install/arduinobot_python_firmware/share/arduinobot_python_firmware/cmake/arduinobot_python_firmwareConfig-version.cmake
[0.113s] -- Up-to-date: /home/monster/arduino_python_publisher/install/arduinobot_python_firmware/share/arduinobot_python_firmware/package.xml
[0.115s] Invoked command in '/home/monster/arduino_python_publisher/build/arduinobot_python_firmware' returned '0': CMAKE_PREFIX_PATH=${CMAKE_PREFIX_PATH}:/opt/ros/jazzy DEBUGINFOD_URLS=https://debuginfod.ubuntu.com /usr/bin/cmake --install /home/monster/arduino_python_publisher/build/arduinobot_python_firmware
