[0.013s] Invoking command in '/home/monster/arduino_python_publisher/build/arduinobot_python_firmware': CMAKE_PREFIX_PATH=${CMAKE_PREFIX_PATH}:/opt/ros/jazzy DEBUGINFOD_URLS=https://debuginfod.ubuntu.com /usr/bin/cmake --build /home/monster/arduino_python_publisher/build/arduinobot_python_firmware -- -j6 -l6
[0.040s] -- Found ament_cmake: 2.5.2 (/opt/ros/jazzy/share/ament_cmake/cmake)
[0.341s] -- Found rclpy: 7.1.2 (/opt/ros/jazzy/share/rclpy/cmake)
[0.341s] -- Found ament_lint_auto: 0.17.1 (/opt/ros/jazzy/share/ament_lint_auto/cmake)
[0.440s] -- Added test 'flake8' to check Python code syntax and style conventions
[0.440s] -- Configured 'flake8' exclude dirs and/or files: 
[0.440s] -- Added test 'lint_cmake' to check CMake code style
[0.441s] -- Added test 'pep257' to check Python code against some of the docstring style conventions in PEP 257
[0.441s] -- Added test 'xmllint' to check XML markup files
[0.442s] -- Configuring done (0.4s)
[0.445s] -- Generating done (0.0s)
[0.447s] -- Build files have been written to: /home/monster/arduino_python_publisher/build/arduinobot_python_firmware
[0.474s] Invoked command in '/home/monster/arduino_python_publisher/build/arduinobot_python_firmware' returned '0': CMAKE_PREFIX_PATH=${CMAKE_PREFIX_PATH}:/opt/ros/jazzy DEBUGINFOD_URLS=https://debuginfod.ubuntu.com /usr/bin/cmake --build /home/monster/arduino_python_publisher/build/arduinobot_python_firmware -- -j6 -l6
[0.510s] Invoking command in '/home/monster/arduino_python_publisher/build/arduinobot_python_firmware': CMAKE_PREFIX_PATH=${CMAKE_PREFIX_PATH}:/opt/ros/jazzy DEBUGINFOD_URLS=https://debuginfod.ubuntu.com /usr/bin/cmake --install /home/monster/arduino_python_publisher/build/arduinobot_python_firmware
[0.519s] -- Install configuration: ""
[0.520s] -- Up-to-date: /home/monster/arduino_python_publisher/install/arduinobot_python_firmware/lib/arduinobot_python_firmware/simple_serial_transmitter.py
[0.520s] -- Up-to-date: /home/monster/arduino_python_publisher/install/arduinobot_python_firmware/share/ament_index/resource_index/package_run_dependencies/arduinobot_python_firmware
[0.520s] -- Installing: /home/monster/arduino_python_publisher/install/arduinobot_python_firmware/share/ament_index/resource_index/parent_prefix_path/arduinobot_python_firmware
[0.520s] -- Up-to-date: /home/monster/arduino_python_publisher/install/arduinobot_python_firmware/share/arduinobot_python_firmware/environment/ament_prefix_path.sh
[0.521s] -- Up-to-date: /home/monster/arduino_python_publisher/install/arduinobot_python_firmware/share/arduinobot_python_firmware/environment/ament_prefix_path.dsv
[0.521s] -- Up-to-date: /home/monster/arduino_python_publisher/install/arduinobot_python_firmware/share/arduinobot_python_firmware/environment/path.sh
[0.521s] -- Up-to-date: /home/monster/arduino_python_publisher/install/arduinobot_python_firmware/share/arduinobot_python_firmware/environment/path.dsv
[0.521s] -- Up-to-date: /home/monster/arduino_python_publisher/install/arduinobot_python_firmware/share/arduinobot_python_firmware/local_setup.bash
[0.522s] -- Up-to-date: /home/monster/arduino_python_publisher/install/arduinobot_python_firmware/share/arduinobot_python_firmware/local_setup.sh
[0.522s] -- Up-to-date: /home/monster/arduino_python_publisher/install/arduinobot_python_firmware/share/arduinobot_python_firmware/local_setup.zsh
[0.523s] -- Up-to-date: /home/monster/arduino_python_publisher/install/arduinobot_python_firmware/share/arduinobot_python_firmware/local_setup.dsv
[0.523s] -- Installing: /home/monster/arduino_python_publisher/install/arduinobot_python_firmware/share/arduinobot_python_firmware/package.dsv
[0.524s] -- Up-to-date: /home/monster/arduino_python_publisher/install/arduinobot_python_firmware/share/ament_index/resource_index/packages/arduinobot_python_firmware
[0.524s] -- Up-to-date: /home/monster/arduino_python_publisher/install/arduinobot_python_firmware/share/arduinobot_python_firmware/cmake/arduinobot_python_firmwareConfig.cmake
[0.524s] -- Up-to-date: /home/monster/arduino_python_publisher/install/arduinobot_python_firmware/share/arduinobot_python_firmware/cmake/arduinobot_python_firmwareConfig-version.cmake
[0.525s] -- Up-to-date: /home/monster/arduino_python_publisher/install/arduinobot_python_firmware/share/arduinobot_python_firmware/package.xml
[0.526s] Invoked command in '/home/monster/arduino_python_publisher/build/arduinobot_python_firmware' returned '0': CMAKE_PREFIX_PATH=${CMAKE_PREFIX_PATH}:/opt/ros/jazzy DEBUGINFOD_URLS=https://debuginfod.ubuntu.com /usr/bin/cmake --install /home/monster/arduino_python_publisher/build/arduinobot_python_firmware
