[0.017s] Invoking command in '/home/monster/arduino_python_publisher/build/arduinobot_python_firmware': CMAKE_PREFIX_PATH=${CMAKE_PREFIX_PATH}:/opt/ros/jazzy DEBUGINFOD_URLS=https://debuginfod.ubuntu.com /usr/bin/cmake /home/monster/arduino_python_publisher/src/arduinobot_python_firmware -DCMAKE_INSTALL_PREFIX=/home/monster/arduino_python_publisher/install/arduinobot_python_firmware
[0.501s] -- The C compiler identification is GNU 13.2.0
[0.936s] -- The CXX compiler identification is GNU 13.2.0
[0.986s] -- Detecting C compiler ABI info
[1.178s] -- Detecting C compiler ABI info - done
[1.197s] -- Check for working C compiler: /usr/bin/cc - skipped
[1.200s] -- Detecting C compile features
[1.201s] -- Detecting C compile features - done
[1.221s] -- Detecting CXX compiler ABI info
[1.414s] -- Detecting CXX compiler ABI info - done
[1.435s] -- Check for working CXX compiler: /usr/bin/c++ - skipped
[1.435s] -- Detecting CXX compile features
[1.436s] -- Detecting CXX compile features - done
[1.468s] -- Found ament_cmake: 2.5.2 (/opt/ros/jazzy/share/ament_cmake/cmake)
[1.832s] -- Found Python3: /usr/bin/python3 (found version "3.12.3") found components: Interpreter 
[2.027s] -- Found ament_lint_auto: 0.17.1 (/opt/ros/jazzy/share/ament_lint_auto/cmake)
[2.197s] -- Added test 'lint_cmake' to check CMake code style
[2.201s] -- Added test 'xmllint' to check XML markup files
[2.205s] -- Configuring done (2.1s)
[2.208s] -- Generating done (0.0s)
[2.209s] -- Build files have been written to: /home/monster/arduino_python_publisher/build/arduinobot_python_firmware
[2.215s] Invoked command in '/home/monster/arduino_python_publisher/build/arduinobot_python_firmware' returned '0': CMAKE_PREFIX_PATH=${CMAKE_PREFIX_PATH}:/opt/ros/jazzy DEBUGINFOD_URLS=https://debuginfod.ubuntu.com /usr/bin/cmake /home/monster/arduino_python_publisher/src/arduinobot_python_firmware -DCMAKE_INSTALL_PREFIX=/home/monster/arduino_python_publisher/install/arduinobot_python_firmware
[2.218s] Invoking command in '/home/monster/arduino_python_publisher/build/arduinobot_python_firmware': CMAKE_PREFIX_PATH=${CMAKE_PREFIX_PATH}:/opt/ros/jazzy DEBUGINFOD_URLS=https://debuginfod.ubuntu.com /usr/bin/cmake --build /home/monster/arduino_python_publisher/build/arduinobot_python_firmware -- -j6 -l6
[2.282s] Invoked command in '/home/monster/arduino_python_publisher/build/arduinobot_python_firmware' returned '0': CMAKE_PREFIX_PATH=${CMAKE_PREFIX_PATH}:/opt/ros/jazzy DEBUGINFOD_URLS=https://debuginfod.ubuntu.com /usr/bin/cmake --build /home/monster/arduino_python_publisher/build/arduinobot_python_firmware -- -j6 -l6
[2.382s] Invoking command in '/home/monster/arduino_python_publisher/build/arduinobot_python_firmware': CMAKE_PREFIX_PATH=${CMAKE_PREFIX_PATH}:/opt/ros/jazzy DEBUGINFOD_URLS=https://debuginfod.ubuntu.com /usr/bin/cmake --install /home/monster/arduino_python_publisher/build/arduinobot_python_firmware
[2.417s] -- Install configuration: ""
[2.418s] -- Installing: /home/monster/arduino_python_publisher/install/arduinobot_python_firmware/share/ament_index/resource_index/package_run_dependencies/arduinobot_python_firmware
[2.419s] -- Installing: /home/monster/arduino_python_publisher/install/arduinobot_python_firmware/share/ament_index/resource_index/parent_prefix_path/arduinobot_python_firmware
[2.421s] -- Installing: /home/monster/arduino_python_publisher/install/arduinobot_python_firmware/share/arduinobot_python_firmware/environment/ament_prefix_path.sh
[2.423s] -- Installing: /home/monster/arduino_python_publisher/install/arduinobot_python_firmware/share/arduinobot_python_firmware/environment/ament_prefix_path.dsv
[2.424s] -- Installing: /home/monster/arduino_python_publisher/install/arduinobot_python_firmware/share/arduinobot_python_firmware/environment/path.sh
[2.424s] -- Installing: /home/monster/arduino_python_publisher/install/arduinobot_python_firmware/share/arduinobot_python_firmware/environment/path.dsv
[2.426s] -- Installing: /home/monster/arduino_python_publisher/install/arduinobot_python_firmware/share/arduinobot_python_firmware/local_setup.bash
[2.427s] -- Installing: /home/monster/arduino_python_publisher/install/arduinobot_python_firmware/share/arduinobot_python_firmware/local_setup.sh
[2.427s] -- Installing: /home/monster/arduino_python_publisher/install/arduinobot_python_firmware/share/arduinobot_python_firmware/local_setup.zsh
[2.427s] -- Installing: /home/monster/arduino_python_publisher/install/arduinobot_python_firmware/share/arduinobot_python_firmware/local_setup.dsv
[2.428s] -- Installing: /home/monster/arduino_python_publisher/install/arduinobot_python_firmware/share/arduinobot_python_firmware/package.dsv
[2.428s] -- Installing: /home/monster/arduino_python_publisher/install/arduinobot_python_firmware/share/ament_index/resource_index/packages/arduinobot_python_firmware
[2.428s] -- Installing: /home/monster/arduino_python_publisher/install/arduinobot_python_firmware/share/arduinobot_python_firmware/cmake/arduinobot_python_firmwareConfig.cmake
[2.428s] -- Installing: /home/monster/arduino_python_publisher/install/arduinobot_python_firmware/share/arduinobot_python_firmware/cmake/arduinobot_python_firmwareConfig-version.cmake
[2.429s] -- Installing: /home/monster/arduino_python_publisher/install/arduinobot_python_firmware/share/arduinobot_python_firmware/package.xml
[2.433s] Invoked command in '/home/monster/arduino_python_publisher/build/arduinobot_python_firmware' returned '0': CMAKE_PREFIX_PATH=${CMAKE_PREFIX_PATH}:/opt/ros/jazzy DEBUGINFOD_URLS=https://debuginfod.ubuntu.com /usr/bin/cmake --install /home/monster/arduino_python_publisher/build/arduinobot_python_firmware
