[0.011s] Invoking command in '/home/monster/arduino_python_publisher/build/arduinobot_python_firmware': CMAKE_PREFIX_PATH=${CMAKE_PREFIX_PATH}:/opt/ros/jazzy DEBUGINFOD_URLS=https://debuginfod.ubuntu.com /usr/bin/cmake --build /home/monster/arduino_python_publisher/build/arduinobot_python_firmware -- -j6 -l6
[0.038s] -- Found ament_cmake: 2.5.2 (/opt/ros/jazzy/share/ament_cmake/cmake)
[0.301s] -- Found rclpy: 7.1.2 (/opt/ros/jazzy/share/rclpy/cmake)
[0.302s] -- Found ament_lint_auto: 0.17.1 (/opt/ros/jazzy/share/ament_lint_auto/cmake)
[0.407s] -- Added test 'flake8' to check Python code syntax and style conventions
[0.407s] -- Configured 'flake8' exclude dirs and/or files: 
[0.407s] -- Added test 'lint_cmake' to check CMake code style
[0.408s] -- Added test 'pep257' to check Python code against some of the docstring style conventions in PEP 257
[0.409s] -- Added test 'xmllint' to check XML markup files
[0.410s] -- Configuring done (0.4s)
[0.413s] -- Generating done (0.0s)
[0.414s] -- Build files have been written to: /home/monster/arduino_python_publisher/build/arduinobot_python_firmware
[0.438s] Invoked command in '/home/monster/arduino_python_publisher/build/arduinobot_python_firmware' returned '0': CMAKE_PREFIX_PATH=${CMAKE_PREFIX_PATH}:/opt/ros/jazzy DEBUGINFOD_URLS=https://debuginfod.ubuntu.com /usr/bin/cmake --build /home/monster/arduino_python_publisher/build/arduinobot_python_firmware -- -j6 -l6
[0.476s] Invoking command in '/home/monster/arduino_python_publisher/build/arduinobot_python_firmware': CMAKE_PREFIX_PATH=${CMAKE_PREFIX_PATH}:/opt/ros/jazzy DEBUGINFOD_URLS=https://debuginfod.ubuntu.com /usr/bin/cmake --install /home/monster/arduino_python_publisher/build/arduinobot_python_firmware
[0.485s] -- Install configuration: ""
[0.485s] [31mCMake Error at cmake_install.cmake:46 (file):
[0.485s]   file INSTALL cannot find
[0.486s]   "/home/monster/arduino_python_publisher/src/arduinobot_python_firmware/arduinobot_python_firmware/simple_serial_transmitter":
[0.486s]   No such file or directory.
[0.486s] 
[0.487s] [0m
[0.488s] Invoked command in '/home/monster/arduino_python_publisher/build/arduinobot_python_firmware' returned '1': CMAKE_PREFIX_PATH=${CMAKE_PREFIX_PATH}:/opt/ros/jazzy DEBUGINFOD_URLS=https://debuginfod.ubuntu.com /usr/bin/cmake --install /home/monster/arduino_python_publisher/build/arduinobot_python_firmware
